-- Install configuration: ""
-- Execute custom install script
-- Up-to-date symlink: /home/prime/dev_ws/src/prime_bot/install/prime_bot/share/prime_bot/config/drive_bot.rviz
-- Up-to-date symlink: /home/prime/dev_ws/src/prime_bot/install/prime_bot/share/prime_bot/config/empty.yaml
-- Up-to-date symlink: /home/prime/dev_ws/src/prime_bot/install/prime_bot/share/prime_bot/config/view_bot.rviz
-- Up-to-date symlink: /home/prime/dev_ws/src/prime_bot/install/prime_bot/share/prime_bot/description/gazebo_control.xacro
-- Up-to-date symlink: /home/prime/dev_ws/src/prime_bot/install/prime_bot/share/prime_bot/description/inertial_macros.xacro
-- Up-to-date symlink: /home/prime/dev_ws/src/prime_bot/install/prime_bot/share/prime_bot/description/robot.urdf.xacro
-- Up-to-date symlink: /home/prime/dev_ws/src/prime_bot/install/prime_bot/share/prime_bot/description/robot_core.xacro
-- Up-to-date symlink: /home/prime/dev_ws/src/prime_bot/install/prime_bot/share/prime_bot/launch/launch_sim.launch.py
-- Up-to-date symlink: /home/prime/dev_ws/src/prime_bot/install/prime_bot/share/prime_bot/launch/rsp.launch.py
-- Up-to-date symlink: /home/prime/dev_ws/src/prime_bot/install/prime_bot/share/prime_bot/worlds/empty.world
-- Symlinking: /home/prime/dev_ws/src/prime_bot/install/prime_bot/share/prime_bot/worlds/obstacles.world
-- Up-to-date symlink: /home/prime/dev_ws/src/prime_bot/install/prime_bot/share/ament_index/resource_index/package_run_dependencies/prime_bot
-- Up-to-date symlink: /home/prime/dev_ws/src/prime_bot/install/prime_bot/share/ament_index/resource_index/parent_prefix_path/prime_bot
-- Up-to-date symlink: /home/prime/dev_ws/src/prime_bot/install/prime_bot/share/prime_bot/environment/ament_prefix_path.sh
-- Up-to-date symlink: /home/prime/dev_ws/src/prime_bot/install/prime_bot/share/prime_bot/environment/ament_prefix_path.dsv
-- Up-to-date symlink: /home/prime/dev_ws/src/prime_bot/install/prime_bot/share/prime_bot/environment/path.sh
-- Up-to-date symlink: /home/prime/dev_ws/src/prime_bot/install/prime_bot/share/prime_bot/environment/path.dsv
-- Up-to-date symlink: /home/prime/dev_ws/src/prime_bot/install/prime_bot/share/prime_bot/local_setup.bash
-- Up-to-date symlink: /home/prime/dev_ws/src/prime_bot/install/prime_bot/share/prime_bot/local_setup.sh
-- Up-to-date symlink: /home/prime/dev_ws/src/prime_bot/install/prime_bot/share/prime_bot/local_setup.zsh
-- Up-to-date symlink: /home/prime/dev_ws/src/prime_bot/install/prime_bot/share/prime_bot/local_setup.dsv
-- Symlinking: /home/prime/dev_ws/src/prime_bot/install/prime_bot/share/prime_bot/package.dsv
-- Up-to-date symlink: /home/prime/dev_ws/src/prime_bot/install/prime_bot/share/ament_index/resource_index/packages/prime_bot
-- Up-to-date symlink: /home/prime/dev_ws/src/prime_bot/install/prime_bot/share/prime_bot/cmake/prime_botConfig.cmake
-- Up-to-date symlink: /home/prime/dev_ws/src/prime_bot/install/prime_bot/share/prime_bot/cmake/prime_botConfig-version.cmake
-- Up-to-date symlink: /home/prime/dev_ws/src/prime_bot/install/prime_bot/share/prime_bot/package.xml
