[0.030s] Invoking command in '/home/prime/dev_ws/src/prime_bot/build/prime_bot': CMAKE_PREFIX_PATH=${CMAKE_PREFIX_PATH}:/home/prime/workspaces/aibot_ws/install/ai_bot_pkg:/opt/ros/humble /usr/bin/cmake --build /home/prime/dev_ws/src/prime_bot/build/prime_bot -- -j4 -l4
[0.076s] Invoked command in '/home/prime/dev_ws/src/prime_bot/build/prime_bot' returned '0': CMAKE_PREFIX_PATH=${CMAKE_PREFIX_PATH}:/home/prime/workspaces/aibot_ws/install/ai_bot_pkg:/opt/ros/humble /usr/bin/cmake --build /home/prime/dev_ws/src/prime_bot/build/prime_bot -- -j4 -l4
[0.110s] Invoking command in '/home/prime/dev_ws/src/prime_bot/build/prime_bot': CMAKE_PREFIX_PATH=${CMAKE_PREFIX_PATH}:/home/prime/workspaces/aibot_ws/install/ai_bot_pkg:/opt/ros/humble /usr/bin/cmake --install /home/prime/dev_ws/src/prime_bot/build/prime_bot
[0.120s] -- Install configuration: ""
[0.121s] -- Execute custom install script
[0.121s] -- Up-to-date symlink: /home/prime/dev_ws/src/prime_bot/install/prime_bot/share/prime_bot/config/drive_bot.rviz
[0.121s] -- Up-to-date symlink: /home/prime/dev_ws/src/prime_bot/install/prime_bot/share/prime_bot/config/empty.yaml
[0.121s] -- Up-to-date symlink: /home/prime/dev_ws/src/prime_bot/install/prime_bot/share/prime_bot/config/view_bot.rviz
[0.122s] -- Up-to-date symlink: /home/prime/dev_ws/src/prime_bot/install/prime_bot/share/prime_bot/description/gazebo_control.xacro
[0.122s] -- Up-to-date symlink: /home/prime/dev_ws/src/prime_bot/install/prime_bot/share/prime_bot/description/inertial_macros.xacro
[0.123s] -- Up-to-date symlink: /home/prime/dev_ws/src/prime_bot/install/prime_bot/share/prime_bot/description/robot.urdf.xacro
[0.123s] -- Up-to-date symlink: /home/prime/dev_ws/src/prime_bot/install/prime_bot/share/prime_bot/description/robot_core.xacro
[0.123s] -- Up-to-date symlink: /home/prime/dev_ws/src/prime_bot/install/prime_bot/share/prime_bot/launch/launch_sim.launch.py
[0.123s] -- Up-to-date symlink: /home/prime/dev_ws/src/prime_bot/install/prime_bot/share/prime_bot/launch/rsp.launch.py
[0.123s] -- Up-to-date symlink: /home/prime/dev_ws/src/prime_bot/install/prime_bot/share/prime_bot/worlds/empty.world
[0.124s] -- Symlinking: /home/prime/dev_ws/src/prime_bot/install/prime_bot/share/prime_bot/worlds/obstacles.world
[0.139s] -- Up-to-date symlink: /home/prime/dev_ws/src/prime_bot/install/prime_bot/share/ament_index/resource_index/package_run_dependencies/prime_bot
[0.140s] -- Up-to-date symlink: /home/prime/dev_ws/src/prime_bot/install/prime_bot/share/ament_index/resource_index/parent_prefix_path/prime_bot
[0.140s] -- Up-to-date symlink: /home/prime/dev_ws/src/prime_bot/install/prime_bot/share/prime_bot/environment/ament_prefix_path.sh
[0.140s] -- Up-to-date symlink: /home/prime/dev_ws/src/prime_bot/install/prime_bot/share/prime_bot/environment/ament_prefix_path.dsv
[0.141s] -- Up-to-date symlink: /home/prime/dev_ws/src/prime_bot/install/prime_bot/share/prime_bot/environment/path.sh
[0.141s] -- Up-to-date symlink: /home/prime/dev_ws/src/prime_bot/install/prime_bot/share/prime_bot/environment/path.dsv
[0.141s] -- Up-to-date symlink: /home/prime/dev_ws/src/prime_bot/install/prime_bot/share/prime_bot/local_setup.bash
[0.142s] -- Up-to-date symlink: /home/prime/dev_ws/src/prime_bot/install/prime_bot/share/prime_bot/local_setup.sh
[0.142s] -- Up-to-date symlink: /home/prime/dev_ws/src/prime_bot/install/prime_bot/share/prime_bot/local_setup.zsh
[0.143s] -- Up-to-date symlink: /home/prime/dev_ws/src/prime_bot/install/prime_bot/share/prime_bot/local_setup.dsv
[0.143s] -- Symlinking: /home/prime/dev_ws/src/prime_bot/install/prime_bot/share/prime_bot/package.dsv
[0.156s] -- Up-to-date symlink: /home/prime/dev_ws/src/prime_bot/install/prime_bot/share/ament_index/resource_index/packages/prime_bot
[0.156s] -- Up-to-date symlink: /home/prime/dev_ws/src/prime_bot/install/prime_bot/share/prime_bot/cmake/prime_botConfig.cmake
[0.156s] -- Up-to-date symlink: /home/prime/dev_ws/src/prime_bot/install/prime_bot/share/prime_bot/cmake/prime_botConfig-version.cmake
[0.157s] -- Up-to-date symlink: /home/prime/dev_ws/src/prime_bot/install/prime_bot/share/prime_bot/package.xml
[0.173s] Invoked command in '/home/prime/dev_ws/src/prime_bot/build/prime_bot' returned '0': CMAKE_PREFIX_PATH=${CMAKE_PREFIX_PATH}:/home/prime/workspaces/aibot_ws/install/ai_bot_pkg:/opt/ros/humble /usr/bin/cmake --install /home/prime/dev_ws/src/prime_bot/build/prime_bot
