[0.370s] DEBUG:colcon:Command line arguments: ['/usr/bin/colcon', 'build', '--symlink-install']
[0.370s] DEBUG:colcon:Parsed command line arguments: Namespace(log_base=None, log_level=None, verb_name='build', build_base='build', install_base='install', merge_install=False, symlink_install=True, test_result_base=None, continue_on_error=False, executor='parallel', parallel_workers=4, event_handlers=None, ignore_user_meta=False, metas=['./colcon.meta'], base_paths=['.'], packages_ignore=None, packages_ignore_regex=None, paths=None, packages_up_to=None, packages_up_to_regex=None, packages_above=None, packages_above_and_dependencies=None, packages_above_depth=None, packages_select_by_dep=None, packages_skip_by_dep=None, packages_skip_up_to=None, packages_select_build_failed=False, packages_skip_build_finished=False, packages_select_test_failures=False, packages_skip_test_passed=False, packages_select=None, packages_skip=None, packages_select_regex=None, packages_skip_regex=None, packages_start=None, packages_end=None, allow_overriding=[], cmake_args=None, cmake_target=None, cmake_target_skip_unavailable=False, cmake_clean_cache=False, cmake_clean_first=False, cmake_force_configure=False, ament_cmake_args=None, catkin_cmake_args=None, catkin_skip_building_tests=False, verb_parser=<colcon_defaults.argument_parser.defaults.DefaultArgumentsDecorator object at 0x7f04eafe1b40>, verb_extension=<colcon_core.verb.build.BuildVerb object at 0x7f04eb547c10>, main=<bound method BuildVerb.main of <colcon_core.verb.build.BuildVerb object at 0x7f04eb547c10>>)
[0.414s] Level 1:colcon.colcon_core.package_discovery:discover_packages(colcon_meta) check parameters
[0.414s] Level 1:colcon.colcon_core.package_discovery:discover_packages(recursive) check parameters
[0.414s] Level 1:colcon.colcon_core.package_discovery:discover_packages(ignore) check parameters
[0.414s] Level 1:colcon.colcon_core.package_discovery:discover_packages(path) check parameters
[0.414s] Level 1:colcon.colcon_core.package_discovery:discover_packages(colcon_meta) discover
[0.414s] Level 1:colcon.colcon_core.package_discovery:discover_packages(recursive) discover
[0.415s] INFO:colcon.colcon_core.package_discovery:Crawling recursively for packages in '/home/prime/dev_ws/src/prime_bot'
[0.415s] Level 1:colcon.colcon_core.package_identification:_identify(.) by extensions ['ignore', 'ignore_ament_install']
[0.415s] Level 1:colcon.colcon_core.package_identification:_identify(.) by extension 'ignore'
[0.415s] Level 1:colcon.colcon_core.package_identification:_identify(.) by extension 'ignore_ament_install'
[0.415s] Level 1:colcon.colcon_core.package_identification:_identify(.) by extensions ['colcon_pkg']
[0.415s] Level 1:colcon.colcon_core.package_identification:_identify(.) by extension 'colcon_pkg'
[0.415s] Level 1:colcon.colcon_core.package_identification:_identify(.) by extensions ['colcon_meta']
[0.415s] Level 1:colcon.colcon_core.package_identification:_identify(.) by extension 'colcon_meta'
[0.415s] Level 1:colcon.colcon_core.package_identification:_identify(.) by extensions ['ros']
[0.415s] Level 1:colcon.colcon_core.package_identification:_identify(.) by extension 'ros'
[0.438s] DEBUG:colcon.colcon_core.package_identification:Package '.' with type 'ros.ament_cmake' and name 'prime_bot'
[0.439s] Level 1:colcon.colcon_core.package_discovery:discover_packages(recursive) using defaults
[0.439s] Level 1:colcon.colcon_core.package_discovery:discover_packages(ignore) discover
[0.439s] Level 1:colcon.colcon_core.package_discovery:discover_packages(ignore) using defaults
[0.439s] Level 1:colcon.colcon_core.package_discovery:discover_packages(path) discover
[0.439s] Level 1:colcon.colcon_core.package_discovery:discover_packages(path) using defaults
[0.469s] Level 1:colcon.colcon_core.package_discovery:discover_packages(prefix_path) check parameters
[0.469s] Level 1:colcon.colcon_core.package_discovery:discover_packages(prefix_path) discover
[0.474s] DEBUG:colcon.colcon_installed_package_information.package_discovery:Found 1 installed packages in /home/prime/dev_ws/install
[0.475s] DEBUG:colcon.colcon_installed_package_information.package_discovery:Found 1 installed packages in /home/prime/ydlidar_ros2_driver-master/install
[0.477s] DEBUG:colcon.colcon_installed_package_information.package_discovery:Found 1 installed packages in /home/prime/workspaces/aibot_ws/install
[0.479s] DEBUG:colcon.colcon_installed_package_information.package_discovery:Found 3 installed packages in /home/prime/workspaces/turtlebot3_ws/install
[0.482s] DEBUG:colcon.colcon_installed_package_information.package_discovery:Found 343 installed packages in /opt/ros/humble
[0.486s] Level 1:colcon.colcon_core.package_discovery:discover_packages(prefix_path) using defaults
[0.569s] Level 5:colcon.colcon_core.verb:set package 'prime_bot' build argument 'cmake_args' from command line to 'None'
[0.570s] Level 5:colcon.colcon_core.verb:set package 'prime_bot' build argument 'cmake_target' from command line to 'None'
[0.570s] Level 5:colcon.colcon_core.verb:set package 'prime_bot' build argument 'cmake_target_skip_unavailable' from command line to 'False'
[0.570s] Level 5:colcon.colcon_core.verb:set package 'prime_bot' build argument 'cmake_clean_cache' from command line to 'False'
[0.570s] Level 5:colcon.colcon_core.verb:set package 'prime_bot' build argument 'cmake_clean_first' from command line to 'False'
[0.570s] Level 5:colcon.colcon_core.verb:set package 'prime_bot' build argument 'cmake_force_configure' from command line to 'False'
[0.570s] Level 5:colcon.colcon_core.verb:set package 'prime_bot' build argument 'ament_cmake_args' from command line to 'None'
[0.570s] Level 5:colcon.colcon_core.verb:set package 'prime_bot' build argument 'catkin_cmake_args' from command line to 'None'
[0.570s] Level 5:colcon.colcon_core.verb:set package 'prime_bot' build argument 'catkin_skip_building_tests' from command line to 'False'
[0.570s] DEBUG:colcon.colcon_core.verb:Building package 'prime_bot' with the following arguments: {'ament_cmake_args': None, 'build_base': '/home/prime/dev_ws/src/prime_bot/build/prime_bot', 'catkin_cmake_args': None, 'catkin_skip_building_tests': False, 'cmake_args': None, 'cmake_clean_cache': False, 'cmake_clean_first': False, 'cmake_force_configure': False, 'cmake_target': None, 'cmake_target_skip_unavailable': False, 'install_base': '/home/prime/dev_ws/src/prime_bot/install/prime_bot', 'merge_install': False, 'path': '/home/prime/dev_ws/src/prime_bot', 'symlink_install': True, 'test_result_base': None}
[0.571s] INFO:colcon.colcon_core.executor:Executing jobs using 'parallel' executor
[0.577s] DEBUG:colcon.colcon_parallel_executor.executor.parallel:run_until_complete
[0.578s] INFO:colcon.colcon_ros.task.ament_cmake.build:Building ROS package in '/home/prime/dev_ws/src/prime_bot' with build type 'ament_cmake'
[0.578s] INFO:colcon.colcon_cmake.task.cmake.build:Building CMake package in '/home/prime/dev_ws/src/prime_bot'
[0.586s] INFO:colcon.colcon_core.plugin_system:Skipping extension 'colcon_core.shell.bat': Not used on non-Windows systems
[0.586s] INFO:colcon.colcon_core.shell:Skip shell extension 'powershell' for command environment: Not usable outside of PowerShell
[0.586s] DEBUG:colcon.colcon_core.shell:Skip shell extension 'dsv' for command environment
[0.610s] DEBUG:colcon.colcon_core.event_handler.log_command:Invoking command in '/home/prime/dev_ws/src/prime_bot/build/prime_bot': CMAKE_PREFIX_PATH=${CMAKE_PREFIX_PATH}:/home/prime/workspaces/aibot_ws/install/ai_bot_pkg:/opt/ros/humble /usr/bin/cmake --build /home/prime/dev_ws/src/prime_bot/build/prime_bot -- -j4 -l4
[0.656s] DEBUG:colcon.colcon_core.event_handler.log_command:Invoked command in '/home/prime/dev_ws/src/prime_bot/build/prime_bot' returned '0': CMAKE_PREFIX_PATH=${CMAKE_PREFIX_PATH}:/home/prime/workspaces/aibot_ws/install/ai_bot_pkg:/opt/ros/humble /usr/bin/cmake --build /home/prime/dev_ws/src/prime_bot/build/prime_bot -- -j4 -l4
[0.690s] DEBUG:colcon.colcon_core.event_handler.log_command:Invoking command in '/home/prime/dev_ws/src/prime_bot/build/prime_bot': CMAKE_PREFIX_PATH=${CMAKE_PREFIX_PATH}:/home/prime/workspaces/aibot_ws/install/ai_bot_pkg:/opt/ros/humble /usr/bin/cmake --install /home/prime/dev_ws/src/prime_bot/build/prime_bot
[0.739s] Level 1:colcon.colcon_core.environment:create_environment_scripts_only(prime_bot)
[0.748s] Level 1:colcon.colcon_core.environment:checking '/home/prime/dev_ws/src/prime_bot/install/prime_bot' for CMake module files
[0.749s] Level 1:colcon.colcon_core.environment:checking '/home/prime/dev_ws/src/prime_bot/install/prime_bot' for CMake config files
[0.750s] Level 1:colcon.colcon_core.shell:create_environment_hook('prime_bot', 'cmake_prefix_path')
[0.752s] INFO:colcon.colcon_core.shell:Creating environment hook '/home/prime/dev_ws/src/prime_bot/install/prime_bot/share/prime_bot/hook/cmake_prefix_path.ps1'
[0.753s] DEBUG:colcon.colcon_core.event_handler.log_command:Invoked command in '/home/prime/dev_ws/src/prime_bot/build/prime_bot' returned '0': CMAKE_PREFIX_PATH=${CMAKE_PREFIX_PATH}:/home/prime/workspaces/aibot_ws/install/ai_bot_pkg:/opt/ros/humble /usr/bin/cmake --install /home/prime/dev_ws/src/prime_bot/build/prime_bot
[0.754s] INFO:colcon.colcon_core.shell:Creating environment descriptor '/home/prime/dev_ws/src/prime_bot/install/prime_bot/share/prime_bot/hook/cmake_prefix_path.dsv'
[0.755s] INFO:colcon.colcon_core.shell:Creating environment hook '/home/prime/dev_ws/src/prime_bot/install/prime_bot/share/prime_bot/hook/cmake_prefix_path.sh'
[0.757s] Level 1:colcon.colcon_core.environment:checking '/home/prime/dev_ws/src/prime_bot/install/prime_bot/bin'
[0.757s] Level 1:colcon.colcon_core.environment:checking '/home/prime/dev_ws/src/prime_bot/install/prime_bot/lib/pkgconfig/prime_bot.pc'
[0.757s] Level 1:colcon.colcon_core.environment:checking '/home/prime/dev_ws/src/prime_bot/install/prime_bot/lib/python3.10/site-packages'
[0.758s] Level 1:colcon.colcon_core.environment:checking '/home/prime/dev_ws/src/prime_bot/install/prime_bot/bin'
[0.760s] INFO:colcon.colcon_core.shell:Creating package script '/home/prime/dev_ws/src/prime_bot/install/prime_bot/share/prime_bot/package.ps1'
[0.762s] INFO:colcon.colcon_core.shell:Creating package descriptor '/home/prime/dev_ws/src/prime_bot/install/prime_bot/share/prime_bot/package.dsv'
[0.763s] INFO:colcon.colcon_core.shell:Creating package script '/home/prime/dev_ws/src/prime_bot/install/prime_bot/share/prime_bot/package.sh'
[0.764s] INFO:colcon.colcon_core.shell:Creating package script '/home/prime/dev_ws/src/prime_bot/install/prime_bot/share/prime_bot/package.bash'
[0.765s] INFO:colcon.colcon_core.shell:Creating package script '/home/prime/dev_ws/src/prime_bot/install/prime_bot/share/prime_bot/package.zsh'
[0.766s] Level 1:colcon.colcon_core.environment:create_file_with_runtime_dependencies(/home/prime/dev_ws/src/prime_bot/install/prime_bot/share/colcon-core/packages/prime_bot)
[0.793s] Level 1:colcon.colcon_core.environment:create_environment_scripts_only(prime_bot)
[0.796s] Level 1:colcon.colcon_core.environment:checking '/home/prime/dev_ws/src/prime_bot/install/prime_bot' for CMake module files
[0.797s] Level 1:colcon.colcon_core.environment:checking '/home/prime/dev_ws/src/prime_bot/install/prime_bot' for CMake config files
[0.798s] Level 1:colcon.colcon_core.shell:create_environment_hook('prime_bot', 'cmake_prefix_path')
[0.800s] INFO:colcon.colcon_core.shell:Creating environment hook '/home/prime/dev_ws/src/prime_bot/install/prime_bot/share/prime_bot/hook/cmake_prefix_path.ps1'
[0.801s] INFO:colcon.colcon_core.shell:Creating environment descriptor '/home/prime/dev_ws/src/prime_bot/install/prime_bot/share/prime_bot/hook/cmake_prefix_path.dsv'
[0.802s] INFO:colcon.colcon_core.shell:Creating environment hook '/home/prime/dev_ws/src/prime_bot/install/prime_bot/share/prime_bot/hook/cmake_prefix_path.sh'
[0.803s] Level 1:colcon.colcon_core.environment:checking '/home/prime/dev_ws/src/prime_bot/install/prime_bot/bin'
[0.803s] Level 1:colcon.colcon_core.environment:checking '/home/prime/dev_ws/src/prime_bot/install/prime_bot/lib/pkgconfig/prime_bot.pc'
[0.803s] Level 1:colcon.colcon_core.environment:checking '/home/prime/dev_ws/src/prime_bot/install/prime_bot/lib/python3.10/site-packages'
[0.804s] Level 1:colcon.colcon_core.environment:checking '/home/prime/dev_ws/src/prime_bot/install/prime_bot/bin'
[0.807s] INFO:colcon.colcon_core.shell:Creating package script '/home/prime/dev_ws/src/prime_bot/install/prime_bot/share/prime_bot/package.ps1'
[0.808s] INFO:colcon.colcon_core.shell:Creating package descriptor '/home/prime/dev_ws/src/prime_bot/install/prime_bot/share/prime_bot/package.dsv'
[0.809s] INFO:colcon.colcon_core.shell:Creating package script '/home/prime/dev_ws/src/prime_bot/install/prime_bot/share/prime_bot/package.sh'
[0.809s] INFO:colcon.colcon_core.shell:Creating package script '/home/prime/dev_ws/src/prime_bot/install/prime_bot/share/prime_bot/package.bash'
[0.810s] INFO:colcon.colcon_core.shell:Creating package script '/home/prime/dev_ws/src/prime_bot/install/prime_bot/share/prime_bot/package.zsh'
[0.811s] Level 1:colcon.colcon_core.environment:create_file_with_runtime_dependencies(/home/prime/dev_ws/src/prime_bot/install/prime_bot/share/colcon-core/packages/prime_bot)
[0.811s] DEBUG:colcon.colcon_parallel_executor.executor.parallel:closing loop
[0.812s] DEBUG:colcon.colcon_parallel_executor.executor.parallel:loop closed
[0.812s] DEBUG:colcon.colcon_parallel_executor.executor.parallel:run_until_complete finished with '0'
[0.813s] DEBUG:colcon.colcon_core.event_reactor:joining thread
[0.821s] INFO:colcon.colcon_core.plugin_system:Skipping extension 'colcon_notification.desktop_notification.terminal_notifier': Not used on non-Darwin systems
[0.821s] INFO:colcon.colcon_core.plugin_system:Skipping extension 'colcon_notification.desktop_notification.win32': Not used on non-Windows systems
[0.821s] INFO:colcon.colcon_notification.desktop_notification:Sending desktop notification using 'notify2'
[0.839s] DEBUG:colcon.colcon_core.event_reactor:joined thread
[0.842s] INFO:colcon.colcon_core.shell:Creating prefix script '/home/prime/dev_ws/src/prime_bot/install/local_setup.ps1'
[0.843s] INFO:colcon.colcon_core.shell:Creating prefix util module '/home/prime/dev_ws/src/prime_bot/install/_local_setup_util_ps1.py'
[0.846s] INFO:colcon.colcon_core.shell:Creating prefix chain script '/home/prime/dev_ws/src/prime_bot/install/setup.ps1'
[0.849s] INFO:colcon.colcon_core.shell:Creating prefix script '/home/prime/dev_ws/src/prime_bot/install/local_setup.sh'
[0.850s] INFO:colcon.colcon_core.shell:Creating prefix util module '/home/prime/dev_ws/src/prime_bot/install/_local_setup_util_sh.py'
[0.850s] INFO:colcon.colcon_core.shell:Creating prefix chain script '/home/prime/dev_ws/src/prime_bot/install/setup.sh'
[0.854s] INFO:colcon.colcon_core.shell:Creating prefix script '/home/prime/dev_ws/src/prime_bot/install/local_setup.bash'
[0.855s] INFO:colcon.colcon_core.shell:Creating prefix chain script '/home/prime/dev_ws/src/prime_bot/install/setup.bash'
[0.857s] INFO:colcon.colcon_core.shell:Creating prefix script '/home/prime/dev_ws/src/prime_bot/install/local_setup.zsh'
[0.858s] INFO:colcon.colcon_core.shell:Creating prefix chain script '/home/prime/dev_ws/src/prime_bot/install/setup.zsh'
