[0.025s] Invoking command in '/home/prime/dev_ws/src/prime_bot/build/prime_bot': CMAKE_PREFIX_PATH=${CMAKE_PREFIX_PATH}:/home/prime/workspaces/aibot_ws/install/ai_bot_pkg:/opt/ros/humble /usr/bin/cmake /home/prime/dev_ws/src/prime_bot -DAMENT_CMAKE_SYMLINK_INSTALL=1 -DCMAKE_INSTALL_PREFIX=/home/prime/dev_ws/src/prime_bot/install/prime_bot
[0.779s] -- The C compiler identification is GNU 11.3.0
[1.218s] -- The CXX compiler identification is GNU 11.3.0
[1.322s] -- Detecting C compiler ABI info
[1.528s] -- Detecting C compiler ABI info - done
[1.542s] -- Check for working C compiler: /usr/bin/cc - skipped
[1.543s] -- Detecting C compile features
[1.565s] -- Detecting C compile features - done
[1.572s] -- Detecting CXX compiler ABI info
[1.740s] -- Detecting CXX compiler ABI info - done
[1.759s] -- Check for working CXX compiler: /usr/bin/c++ - skipped
[1.759s] -- Detecting CXX compile features
[1.760s] -- Detecting CXX compile features - done
[1.869s] -- Found ament_cmake: 1.3.4 (/opt/ros/humble/share/ament_cmake/cmake)
[2.205s] -- Found Python3: /usr/bin/python3.10 (found version "3.10.6") found components: Interpreter 
[2.325s] -- Override CMake install command with custom implementation using symlinks instead of copying resources
[2.486s] -- Found ament_lint_auto: 0.12.6 (/opt/ros/humble/share/ament_lint_auto/cmake)
[2.702s] -- Added test 'copyright' to check source files copyright and LICENSE
[2.718s] -- Added test 'cppcheck' to perform static code analysis on C / C++ code
[2.719s] -- Configured cppcheck include dirs: 
[2.719s] -- Configured cppcheck exclude dirs and/or files: 
[2.733s] -- Added test 'cpplint' to check C / C++ code against the Google style
[2.733s] -- Configured cpplint exclude dirs and/or files: 
[2.736s] -- Added test 'flake8' to check Python code syntax and style conventions
[2.741s] -- Added test 'lint_cmake' to check CMake code style
[2.744s] -- Added test 'pep257' to check Python code against some of the docstring style conventions in PEP 257
[2.760s] -- Added test 'uncrustify' to check C / C++ code style
[2.760s] -- Configured uncrustify additional arguments: 
[2.764s] -- Added test 'xmllint' to check XML markup files
[2.797s] -- Configuring done
[2.803s] -- Generating done
[2.805s] -- Build files have been written to: /home/prime/dev_ws/src/prime_bot/build/prime_bot
[2.812s] Invoked command in '/home/prime/dev_ws/src/prime_bot/build/prime_bot' returned '0': CMAKE_PREFIX_PATH=${CMAKE_PREFIX_PATH}:/home/prime/workspaces/aibot_ws/install/ai_bot_pkg:/opt/ros/humble /usr/bin/cmake /home/prime/dev_ws/src/prime_bot -DAMENT_CMAKE_SYMLINK_INSTALL=1 -DCMAKE_INSTALL_PREFIX=/home/prime/dev_ws/src/prime_bot/install/prime_bot
[2.815s] Invoking command in '/home/prime/dev_ws/src/prime_bot/build/prime_bot': CMAKE_PREFIX_PATH=${CMAKE_PREFIX_PATH}:/home/prime/workspaces/aibot_ws/install/ai_bot_pkg:/opt/ros/humble /usr/bin/cmake --build /home/prime/dev_ws/src/prime_bot/build/prime_bot -- -j4 -l4
[2.868s] Invoked command in '/home/prime/dev_ws/src/prime_bot/build/prime_bot' returned '0': CMAKE_PREFIX_PATH=${CMAKE_PREFIX_PATH}:/home/prime/workspaces/aibot_ws/install/ai_bot_pkg:/opt/ros/humble /usr/bin/cmake --build /home/prime/dev_ws/src/prime_bot/build/prime_bot -- -j4 -l4
[2.907s] Invoking command in '/home/prime/dev_ws/src/prime_bot/build/prime_bot': CMAKE_PREFIX_PATH=${CMAKE_PREFIX_PATH}:/home/prime/workspaces/aibot_ws/install/ai_bot_pkg:/opt/ros/humble /usr/bin/cmake --install /home/prime/dev_ws/src/prime_bot/build/prime_bot
[2.918s] -- Install configuration: ""
[2.918s] -- Execute custom install script
[2.919s] -- Symlinking: /home/prime/dev_ws/src/prime_bot/install/prime_bot/share/prime_bot/config/drive_bot.rviz
[2.934s] -- Symlinking: /home/prime/dev_ws/src/prime_bot/install/prime_bot/share/prime_bot/config/empty.yaml
[2.947s] -- Symlinking: /home/prime/dev_ws/src/prime_bot/install/prime_bot/share/prime_bot/config/view_bot.rviz
[2.961s] -- Symlinking: /home/prime/dev_ws/src/prime_bot/install/prime_bot/share/prime_bot/description/gazebo_control.xacro
[2.975s] -- Symlinking: /home/prime/dev_ws/src/prime_bot/install/prime_bot/share/prime_bot/description/inertial_macros.xacro
[2.990s] -- Symlinking: /home/prime/dev_ws/src/prime_bot/install/prime_bot/share/prime_bot/description/robot.urdf.xacro
[3.001s] -- Symlinking: /home/prime/dev_ws/src/prime_bot/install/prime_bot/share/prime_bot/description/robot_core.xacro
[3.015s] -- Symlinking: /home/prime/dev_ws/src/prime_bot/install/prime_bot/share/prime_bot/launch/launch_sim.launch.py
[3.026s] -- Symlinking: /home/prime/dev_ws/src/prime_bot/install/prime_bot/share/prime_bot/launch/rsp.launch.py
[3.040s] -- Symlinking: /home/prime/dev_ws/src/prime_bot/install/prime_bot/share/prime_bot/worlds/empty.world
[3.052s] -- Symlinking: /home/prime/dev_ws/src/prime_bot/install/prime_bot/share/prime_bot/worlds/obstacle.world
[3.067s] -- Symlinking: /home/prime/dev_ws/src/prime_bot/install/prime_bot/share/ament_index/resource_index/package_run_dependencies/prime_bot
[3.080s] -- Symlinking: /home/prime/dev_ws/src/prime_bot/install/prime_bot/share/ament_index/resource_index/parent_prefix_path/prime_bot
[3.090s] -- Symlinking: /home/prime/dev_ws/src/prime_bot/install/prime_bot/share/prime_bot/environment/ament_prefix_path.sh
[3.104s] -- Symlinking: /home/prime/dev_ws/src/prime_bot/install/prime_bot/share/prime_bot/environment/ament_prefix_path.dsv
[3.116s] -- Symlinking: /home/prime/dev_ws/src/prime_bot/install/prime_bot/share/prime_bot/environment/path.sh
[3.128s] -- Symlinking: /home/prime/dev_ws/src/prime_bot/install/prime_bot/share/prime_bot/environment/path.dsv
[3.142s] -- Symlinking: /home/prime/dev_ws/src/prime_bot/install/prime_bot/share/prime_bot/local_setup.bash
[3.155s] -- Symlinking: /home/prime/dev_ws/src/prime_bot/install/prime_bot/share/prime_bot/local_setup.sh
[3.169s] -- Symlinking: /home/prime/dev_ws/src/prime_bot/install/prime_bot/share/prime_bot/local_setup.zsh
[3.180s] -- Symlinking: /home/prime/dev_ws/src/prime_bot/install/prime_bot/share/prime_bot/local_setup.dsv
[3.192s] -- Symlinking: /home/prime/dev_ws/src/prime_bot/install/prime_bot/share/prime_bot/package.dsv
[3.204s] -- Symlinking: /home/prime/dev_ws/src/prime_bot/install/prime_bot/share/ament_index/resource_index/packages/prime_bot
[3.217s] -- Symlinking: /home/prime/dev_ws/src/prime_bot/install/prime_bot/share/prime_bot/cmake/prime_botConfig.cmake
[3.230s] -- Symlinking: /home/prime/dev_ws/src/prime_bot/install/prime_bot/share/prime_bot/cmake/prime_botConfig-version.cmake
[3.242s] -- Symlinking: /home/prime/dev_ws/src/prime_bot/install/prime_bot/share/prime_bot/package.xml
[3.260s] Invoked command in '/home/prime/dev_ws/src/prime_bot/build/prime_bot' returned '0': CMAKE_PREFIX_PATH=${CMAKE_PREFIX_PATH}:/home/prime/workspaces/aibot_ws/install/ai_bot_pkg:/opt/ros/humble /usr/bin/cmake --install /home/prime/dev_ws/src/prime_bot/build/prime_bot
